{"/Users/lovaunger/YH/TDD/capitalize.js": {"path":"/Users/lovaunger/YH/TDD/capitalize.js","statementMap":{"0":{"start":{"line":5,"column":4},"end":{"line":5,"column":59}},"1":{"start":{"line":8,"column":0},"end":{"line":10,"column":1}}},"fnMap":{"0":{"name":"capitalize","decl":{"start":{"line":4,"column":9},"end":{"line":4,"column":19}},"loc":{"start":{"line":4,"column":26},"end":{"line":6,"column":1}},"line":4}},"branchMap":{},"s":{"0":1,"1":1},"f":{"0":1},"b":{},"_coverageSchema":"1a1c01bbd47fc00a2c39e90264f33305004495a9","hash":"bbc7d46316e22964861a22d3a006ab124e8e18cb"}
,"/Users/lovaunger/YH/TDD/cloneArray.js": {"path":"/Users/lovaunger/YH/TDD/cloneArray.js","statementMap":{"0":{"start":{"line":2,"column":4},"end":{"line":2,"column":21}},"1":{"start":{"line":5,"column":0},"end":{"line":5,"column":28}}},"fnMap":{"0":{"name":"cloneArray","decl":{"start":{"line":1,"column":9},"end":{"line":1,"column":19}},"loc":{"start":{"line":1,"column":26},"end":{"line":3,"column":1}},"line":1}},"branchMap":{},"s":{"0":2,"1":1},"f":{"0":2},"b":{},"_coverageSchema":"1a1c01bbd47fc00a2c39e90264f33305004495a9","hash":"57223baa474a15777f2d834066d93b21eb2cf106"}
,"/Users/lovaunger/YH/TDD/excercises.js": {"path":"/Users/lovaunger/YH/TDD/excercises.js","statementMap":{"0":{"start":{"line":1,"column":0},"end":{"line":3,"column":2}},"1":{"start":{"line":8,"column":4},"end":{"line":8,"column":19}},"2":{"start":{"line":9,"column":4},"end":{"line":9,"column":17}},"3":{"start":{"line":12,"column":4},"end":{"line":12,"column":18}},"4":{"start":{"line":19,"column":4},"end":{"line":19,"column":60}},"5":{"start":{"line":22,"column":2},"end":{"line":22,"column":44}}},"fnMap":{"0":{"name":"store","decl":{"start":{"line":7,"column":9},"end":{"line":7,"column":14}},"loc":{"start":{"line":7,"column":22},"end":{"line":10,"column":1}},"line":7},"1":{"name":"retrieve","decl":{"start":{"line":11,"column":9},"end":{"line":11,"column":17}},"loc":{"start":{"line":11,"column":20},"end":{"line":13,"column":1}},"line":11},"2":{"name":"capitalizeFirstLetter","decl":{"start":{"line":18,"column":9},"end":{"line":18,"column":30}},"loc":{"start":{"line":18,"column":39},"end":{"line":20,"column":3}},"line":18}},"branchMap":{},"s":{"0":1,"1":2,"2":2,"3":1,"4":3,"5":1},"f":{"0":2,"1":1,"2":3},"b":{},"_coverageSchema":"1a1c01bbd47fc00a2c39e90264f33305004495a9","hash":"92f360d75b81acfae274f6eb3d22010a8c68655f"}
,"/Users/lovaunger/YH/TDD/sum.js": {"path":"/Users/lovaunger/YH/TDD/sum.js","statementMap":{"0":{"start":{"line":2,"column":4},"end":{"line":2,"column":17}},"1":{"start":{"line":5,"column":0},"end":{"line":5,"column":21}}},"fnMap":{"0":{"name":"sum","decl":{"start":{"line":1,"column":9},"end":{"line":1,"column":12}},"loc":{"start":{"line":1,"column":18},"end":{"line":3,"column":1}},"line":1}},"branchMap":{},"s":{"0":1,"1":1},"f":{"0":1},"b":{},"_coverageSchema":"1a1c01bbd47fc00a2c39e90264f33305004495a9","hash":"d578a14bd239b7bb065f178e51214bf60a65fe7c"}
}
