TN:
SF:capitalize.js
FN:4,capitalize
FNF:1
FNH:1
FNDA:1,capitalize
DA:5,1
DA:8,1
LF:2
LH:2
BRF:0
BRH:0
end_of_record
TN:
SF:cloneArray.js
FN:1,cloneArray
FNF:1
FNH:1
FNDA:2,cloneArray
DA:2,2
DA:5,1
LF:2
LH:2
BRF:0
BRH:0
end_of_record
TN:
SF:excercises.js
FN:7,store
FN:11,retrieve
FN:18,capitalizeFirstLetter
FNF:3
FNH:3
FNDA:2,store
FNDA:1,retrieve
FNDA:3,capitalizeFirstLetter
DA:1,1
DA:8,2
DA:9,2
DA:12,1
DA:19,3
DA:22,1
LF:6
LH:6
BRF:0
BRH:0
end_of_record
TN:
SF:sum.js
FN:1,sum
FNF:1
FNH:1
FNDA:1,sum
DA:2,1
DA:5,1
LF:2
LH:2
BRF:0
BRH:0
end_of_record
